<?xml version="1.0" encoding="UTF-8"?>
<!-- Generated by org.testng.reporters.JUnitReportReporter -->
<testsuite skipped="0" hostname="DESKTOP-VTBT3RG" name="TestNGBasics.TestGAnnotations" tests="3" failures="0" timestamp="2023-11-06T09:22:38 IST" time="0.010" errors="0">
  <testcase name="Testcase2" time="0.001" classname="TestNGBasics.TestGAnnotations"/>
  <system-out/>
  <testcase name="Testcase3" time="0.007" classname="TestNGBasics.TestGAnnotations"/>
  <system-out/>
  <testcase name="Testcase1" time="0.002" classname="TestNGBasics.TestGAnnotations"/>
  <system-out/>
</testsuite> <!-- TestNGBasics.TestGAnnotations -->
