<?xml version="1.0" encoding="UTF-8"?>
<!-- Generated by org.testng.reporters.JUnitReportReporter -->
<testsuite skipped="0" hostname="DESKTOP-VTBT3RG" name="Testcases.MakeMyTripFlighSearch" tests="2" failures="0" timestamp="2023-11-20T09:10:24 IST" time="23.074" errors="0">
  <testcase name="SearchWithValidValues" time="15.548" classname="Testcases.MakeMyTripFlighSearch"/>
  <system-out/>
  <testcase name="SearchWithSameFromAndToLocation" time="7.526" classname="Testcases.MakeMyTripFlighSearch"/>
  <system-out/>
</testsuite> <!-- Testcases.MakeMyTripFlighSearch -->
