<?xml version="1.0" encoding="UTF-8"?>
<!-- Generated by org.testng.reporters.JUnitReportReporter -->
<testsuite skipped="0" hostname="DESKTOP-VTBT3RG" name="Testcases.MakeMyTripFlighSearch" tests="2" failures="0" timestamp="2023-11-10T09:22:41 IST" time="45.636" errors="0">
  <testcase name="SearchWithValidValues" time="38.003" classname="Testcases.MakeMyTripFlighSearch"/>
  <system-out/>
  <testcase name="SearchWithSameFromAndToLocation" time="7.633" classname="Testcases.MakeMyTripFlighSearch"/>
  <system-out/>
</testsuite> <!-- Testcases.MakeMyTripFlighSearch -->
