<?xml version="1.0" encoding="UTF-8"?>
<!-- Generated by org.testng.reporters.JUnitReportReporter -->
<testsuite skipped="0" hostname="DESKTOP-VTBT3RG" name="TestNGBasics.TestNGAnnotation3" tests="1" failures="0" timestamp="2023-11-06T09:11:12 IST" time="0.001" errors="0">
  <testcase name="Testcase1" time="0.001" classname="TestNGBasics.TestNGAnnotation3"/>
  <system-out/>
</testsuite> <!-- TestNGBasics.TestNGAnnotation3 -->
