<?xml version="1.0" encoding="UTF-8"?>
<!-- Generated by org.testng.reporters.JUnitReportReporter -->
<testsuite skipped="0" hostname="DESKTOP-VTBT3RG" name="Testcases.MakeMyTripFlighSearch" tests="5" failures="0" timestamp="2023-11-21T09:19:37 IST" time="51.323" errors="0">
  <testcase name="SearchWithValidValues" time="9.305" classname="Testcases.MakeMyTripFlighSearch"/>
  <system-out/>
  <testcase name="SearchWithValidValues" time="9.851" classname="Testcases.MakeMyTripFlighSearch"/>
  <system-out/>
  <testcase name="SearchWithValidValues" time="16.555" classname="Testcases.MakeMyTripFlighSearch"/>
  <system-out/>
  <testcase name="SearchWithSameFromAndToLocation" time="7.798" classname="Testcases.MakeMyTripFlighSearch"/>
  <system-out/>
  <testcase name="SearchWithSameFromAndToLocation" time="7.814" classname="Testcases.MakeMyTripFlighSearch"/>
  <system-out/>
</testsuite> <!-- Testcases.MakeMyTripFlighSearch -->
