<?xml version="1.0" encoding="UTF-8"?>
<!-- Generated by org.testng.reporters.JUnitReportReporter -->
<testsuite skipped="0" hostname="DESKTOP-VTBT3RG" name="TestNGBasics.testNGAnnotation2" tests="2" failures="0" timestamp="2023-11-06T09:22:38 IST" time="0.001" errors="0">
  <testcase name="Testcase1" time="0.001" classname="TestNGBasics.testNGAnnotation2"/>
  <system-out/>
  <testcase name="Testcase2" time="0.000" classname="TestNGBasics.testNGAnnotation2"/>
  <system-out/>
</testsuite> <!-- TestNGBasics.testNGAnnotation2 -->
