<?xml version="1.0" encoding="UTF-8"?>
<!-- Generated by org.testng.reporters.JUnitReportReporter -->
<testsuite skipped="0" hostname="DESKTOP-VTBT3RG" name="Testcases.MakeMyTripFlighSearch" tests="1" failures="0" timestamp="2023-11-07T09:03:16 IST" time="0.004" errors="0">
  <testcase name="sampleTestcase" time="0.004" classname="Testcases.MakeMyTripFlighSearch"/>
  <system-out/>
</testsuite> <!-- Testcases.MakeMyTripFlighSearch -->
