<?xml version="1.0" encoding="UTF-8"?>
<!-- Generated by org.testng.reporters.JUnitReportReporter -->
<testsuite skipped="0" hostname="DESKTOP-VTBT3RG" name="Testcases.MakeMyTripFlighSearch" tests="5" failures="0" timestamp="2023-11-21T09:27:11 IST" time="50.740" errors="0">
  <testcase name="SearchWithValidValues" time="8.477" classname="Testcases.MakeMyTripFlighSearch"/>
  <system-out/>
  <testcase name="SearchWithValidValues" time="16.414" classname="Testcases.MakeMyTripFlighSearch"/>
  <system-out/>
  <testcase name="SearchWithValidValues" time="10.266" classname="Testcases.MakeMyTripFlighSearch"/>
  <system-out/>
  <testcase name="SearchWithSameFromAndToLocation" time="7.782" classname="Testcases.MakeMyTripFlighSearch"/>
  <system-out/>
  <testcase name="SearchWithSameFromAndToLocation" time="7.801" classname="Testcases.MakeMyTripFlighSearch"/>
  <system-out/>
</testsuite> <!-- Testcases.MakeMyTripFlighSearch -->
